<?xml version="1.0" encoding="UTF-8"?>
<!-- Generated by org.testng.reporters.JUnitReportReporter -->
<testsuite hostname="Maaroufi" failures="0" tests="1" name="tests.GetAndPostExamples" time="3.219" errors="0" timestamp="2023-09-30T12:20:27 CEST" skipped="0">
  <testcase classname="tests.GetAndPostExamples" name="testPost" time="3.219"/>
  <system-out/>
</testsuite> <!-- tests.GetAndPostExamples -->
