<?xml version="1.0" encoding="UTF-8"?>
<!-- Generated by org.testng.reporters.JUnitReportReporter -->
<testsuite hostname="Maaroufi" failures="0" tests="2" name="tests.TestExamples" time="3.496" errors="0" timestamp="2023-09-29T11:40:10 CEST" skipped="0">
  <testcase classname="tests.TestExamples" name="test_1" time="2.355"/>
  <system-out/>
  <testcase classname="tests.TestExamples" name="test_2" time="1.141"/>
  <system-out/>
</testsuite> <!-- tests.TestExamples -->
