<?xml version="1.0" encoding="UTF-8"?>
<!-- Generated by org.testng.reporters.JUnitReportReporter -->
<testsuite hostname="Maaroufi" failures="0" tests="1" name="tests.TestOnLocalAPI" time="3.637" errors="0" timestamp="2023-10-03T17:30:17 CEST" skipped="0">
  <testcase classname="tests.TestOnLocalAPI" name="delete" time="3.637"/>
  <system-out/>
</testsuite> <!-- tests.TestOnLocalAPI -->
