<?xml version="1.0" encoding="UTF-8"?>
<!-- Generated by org.testng.reporters.JUnitReportReporter -->
<testsuite hostname="Maaroufi" failures="0" tests="3" name="tests.PutPatchDeleteExamples" time="3.919" errors="0" timestamp="2023-09-30T13:34:58 CEST" skipped="0">
  <testcase classname="tests.PutPatchDeleteExamples" name="testPatch" time="0.460"/>
  <system-out/>
  <testcase classname="tests.PutPatchDeleteExamples" name="testDelete" time="3.022"/>
  <system-out/>
  <testcase classname="tests.PutPatchDeleteExamples" name="testPut" time="0.437"/>
  <system-out/>
</testsuite> <!-- tests.PutPatchDeleteExamples -->
